Permutation: blob1_decompressed_blob3
Tried offsets: [0, 1, 2, 3, 4, 5, 6, 7, 8, 9, 10, 11, 12, 13, 14, 15, 16, 17, 18, 19, 20, 21, 22, 23, 24, 25, 26, 27, 28, 29, 30, 31, 32]

Offset 0: EOFError('marshal data too short')
Offset 1: ValueError('bad marshal data (unknown type code)')
Offset 2: ValueError('bad marshal data (unknown type code)')
Offset 3: ValueError('bad marshal data (unknown type code)')
Offset 4: ValueError('bad marshal data (unknown type code)')
Offset 5: ValueError('bad marshal data (unknown type code)')
Offset 6: ValueError('bad marshal data (unknown type code)')
Offset 7: ValueError('bad marshal data (unknown type code)')
Offset 8: ValueError('bad marshal data (unknown type code)')
Offset 9: ValueError('bad marshal data (unknown type code)')
Offset 10: ValueError('bad marshal data (unknown type code)')
Offset 11: ValueError('bad marshal data (unknown type code)')
Offset 12: ValueError('bad marshal data (unknown type code)')
Offset 13: ValueError('bad marshal data (unknown type code)')
Offset 14: ValueError('bad marshal data (unknown type code)')
Offset 15: ValueError('bad marshal data (unknown type code)')
Offset 16: ValueError('bad marshal data (unknown type code)')
Offset 17: ValueError('bad marshal data (unknown type code)')
Offset 18: ValueError('bad marshal data (unknown type code)')
Offset 19: ValueError('bad marshal data (unknown type code)')
Offset 20: ValueError('bad marshal data (unknown type code)')
Offset 21: marshal.loads returned <class 'bytes'>
Offset 22: ValueError('bad marshal data (unknown type code)')
Offset 23: ValueError('bad marshal data (unknown type code)')
Offset 24: ValueError('bad marshal data (unknown type code)')
Offset 25: ValueError('bad marshal data (unknown type code)')
Offset 26: ValueError('bad marshal data (unknown type code)')
Offset 27: ValueError('bad marshal data (unknown type code)')
Offset 28: ValueError('bad marshal data (unknown type code)')
Offset 29: ValueError('bad marshal data (unknown type code)')
Offset 30: ValueError('bad marshal data (unknown type code)')
Offset 31: ValueError('bad marshal data (unknown type code)')
Offset 32: MemoryError()
